<?xml version="1.0" encoding="UTF-8"?>
<testsuite name="tests.ManualTest" tests="1" skipped="0" failures="0" errors="0" timestamp="2024-04-07T11:44:44" hostname="MacBook-Pro.local" time="0.145">
  <properties/>
  <testcase name="Проверка авторизации" classname="tests.ManualTest" time="0.145"/>
  <system-out><![CDATA[]]></system-out>
  <system-err><![CDATA[]]></system-err>
</testsuite>
